<?xml version="1.0" encoding="UTF-8"?>
<!-- Generated by org.testng.reporters.JUnitXMLReporter -->
<testsuite ignored="0" hostname="DESKTOP-95B0UOS" failures="0" tests="1" name="Orange HRM" time="1.359" errors="0" timestamp="27 Apr 2024 06:39:40 GMT">
  <testcase classname="com.orangehrm.testCases.BaseClass" name="@BeforeClass setup" time="1.18">
    <failure type="org.openqa.selenium.SessionNotCreatedException" message="session not created: This version of ChromeDriver only supports Chrome version 122
Current browser version is 124.0.6367.78 with binary path C:\Program Files\Google\Chrome\Application\chrome.exe
Build info: version: &amp;apos;3.14.0&amp;apos;, revision: &amp;apos;aacccce0&amp;apos;, time: &amp;apos;2018-08-02T20:19:58.91Z&amp;apos;
System info: host: &amp;apos;DESKTOP-95B0UOS&amp;apos;, ip: &amp;apos;192.168.1.40&amp;apos;, os.name: &amp;apos;Windows 10&amp;apos;, os.arch: &amp;apos;amd64&amp;apos;, os.version: &amp;apos;10.0&amp;apos;, java.version: &amp;apos;18.0.2&amp;apos;
Driver info: driver.version: ChromeDriver
remote stacktrace: 	GetHandleVerifier [0x00007FF7534E4C82+3505170]
	(No symbol) [0x00007FF753110852]
	(No symbol) [0x00007FF752FC4145]
	(No symbol) [0x00007FF752FFA612]
	(No symbol) [0x00007FF752FF9A1F]
	(No symbol) [0x00007FF752FF361E]
	(No symbol) [0x00007FF752FF07D4]
	(No symbol) [0x00007FF753035B5F]
	(No symbol) [0x00007FF7530356C0]
	(No symbol) [0x00007FF75302BC33]
	(No symbol) [0x00007FF752FFD618]
	(No symbol) [0x00007FF752FFE6B1]
	GetHandleVerifier [0x00007FF7535167DD+3708781]
	GetHandleVerifier [0x00007FF75356FC5D+4074477]
	GetHandleVerifier [0x00007FF753567DDF+4042095]
	GetHandleVerifier [0x00007FF75323A136+708806]
	(No symbol) [0x00007FF75311CB0F]
	(No symbol) [0x00007FF753117D14]
	(No symbol) [0x00007FF753117E6C]
	(No symbol) [0x00007FF7531079A4]
	BaseThreadInitThunk [0x00007FFDF4CA7344+20]
	RtlUserThreadStart [0x00007FFDF5DE26B1+33]
">
      <![CDATA[org.openqa.selenium.SessionNotCreatedException: session not created: This version of ChromeDriver only supports Chrome version 122
Current browser version is 124.0.6367.78 with binary path C:\Program Files\Google\Chrome\Application\chrome.exe
Build info: version: '3.14.0', revision: 'aacccce0', time: '2018-08-02T20:19:58.91Z'
System info: host: 'DESKTOP-95B0UOS', ip: '192.168.1.40', os.name: 'Windows 10', os.arch: 'amd64', os.version: '10.0', java.version: '18.0.2'
Driver info: driver.version: ChromeDriver
remote stacktrace: GetHandleVerifier [0x00007FF7534E4C82+3505170]
(No symbol) [0x00007FF753110852]
(No symbol) [0x00007FF752FC4145]
(No symbol) [0x00007FF752FFA612]
(No symbol) [0x00007FF752FF9A1F]
(No symbol) [0x00007FF752FF361E]
(No symbol) [0x00007FF752FF07D4]
(No symbol) [0x00007FF753035B5F]
(No symbol) [0x00007FF7530356C0]
(No symbol) [0x00007FF75302BC33]
(No symbol) [0x00007FF752FFD618]
(No symbol) [0x00007FF752FFE6B1]
GetHandleVerifier [0x00007FF7535167DD+3708781]
GetHandleVerifier [0x00007FF75356FC5D+4074477]
GetHandleVerifier [0x00007FF753567DDF+4042095]
GetHandleVerifier [0x00007FF75323A136+708806]
(No symbol) [0x00007FF75311CB0F]
(No symbol) [0x00007FF753117D14]
(No symbol) [0x00007FF753117E6C]
(No symbol) [0x00007FF7531079A4]
BaseThreadInitThunk [0x00007FFDF4CA7344+20]
RtlUserThreadStart [0x00007FFDF5DE26B1+33]

at org.openqa.selenium.remote.W3CHandshakeResponse.lambda$new$0(W3CHandshakeResponse.java:57)
at org.openqa.selenium.remote.W3CHandshakeResponse.lambda$getResponseFunction$2(W3CHandshakeResponse.java:104)
at org.openqa.selenium.remote.ProtocolHandshake.lambda$createSession$0(ProtocolHandshake.java:122)
at java.base/java.util.stream.ReferencePipeline$3$1.accept(ReferencePipeline.java:197)
at java.base/java.util.Spliterators$ArraySpliterator.tryAdvance(Spliterators.java:1002)
at java.base/java.util.stream.ReferencePipeline.forEachWithCancel(ReferencePipeline.java:129)
at java.base/java.util.stream.AbstractPipeline.copyIntoWithCancel(AbstractPipeline.java:527)
at java.base/java.util.stream.AbstractPipeline.copyInto(AbstractPipeline.java:513)
at java.base/java.util.stream.AbstractPipeline.wrapAndCopyInto(AbstractPipeline.java:499)
at java.base/java.util.stream.FindOps$FindOp.evaluateSequential(FindOps.java:150)
at java.base/java.util.stream.AbstractPipeline.evaluate(AbstractPipeline.java:234)
at java.base/java.util.stream.ReferencePipeline.findFirst(ReferencePipeline.java:647)
at org.openqa.selenium.remote.ProtocolHandshake.createSession(ProtocolHandshake.java:125)
at org.openqa.selenium.remote.ProtocolHandshake.createSession(ProtocolHandshake.java:73)
at org.openqa.selenium.remote.HttpCommandExecutor.execute(HttpCommandExecutor.java:136)
at org.openqa.selenium.remote.service.DriverCommandExecutor.execute(DriverCommandExecutor.java:83)
at org.openqa.selenium.remote.RemoteWebDriver.execute(RemoteWebDriver.java:548)
at org.openqa.selenium.remote.RemoteWebDriver.startSession(RemoteWebDriver.java:212)
at org.openqa.selenium.remote.RemoteWebDriver.<init>(RemoteWebDriver.java:130)
at org.openqa.selenium.chrome.ChromeDriver.<init>(ChromeDriver.java:181)
at org.openqa.selenium.chrome.ChromeDriver.<init>(ChromeDriver.java:168)
at org.openqa.selenium.chrome.ChromeDriver.<init>(ChromeDriver.java:123)
at com.orangehrm.testCases.BaseClass.setup(BaseClass.java:45)
... Removed 27 stack frames]]>
    </failure>
  </testcase> <!-- @BeforeClass setup -->
  <testcase classname="com.orangehrm.testCases.BaseClass" name="@AfterClass tearDown" time="0.0">
    <skipped/>
  </testcase> <!-- @AfterClass tearDown -->
  <testcase classname="com.orangehrm.admintab.testCases.TC_AddPayGrade" name="AddPayGrade" time="0.0">
    <skipped/>
  </testcase> <!-- AddPayGrade -->
</testsuite> <!-- Orange HRM -->
